Arguments: 
  /Users/TRASH/.nvm/versions/node/v9.2.0/bin/node /Users/TRASH/.yarn/bin/yarn.js start

PATH: 
  /Users/TRASH/.yarn/bin:/Users/TRASH/.nvm/versions/node/v9.2.0/bin:/usr/local/bin:/usr/bin:/bin:/usr/sbin:/sbin

Yarn version: 
  1.3.2-20171120.1643

Node version: 
  9.2.0

Platform: 
  darwin x64

npm manifest: 
  No manifest

yarn manifest: 
  No manifest

Lockfile: 
  No lockfile

Trace: 
  Error: Couldn't find a package.json file in "/Users/TRASH/Desktop/ACA-WebDesign-INT/Lefty's Guitars/Client Project"
      at new MessageError (/Users/TRASH/.yarn/lib/cli.js:186:110)
      at /Users/TRASH/.yarn/lib/cli.js:56277:15
      at Generator.next (<anonymous>)
      at step (/Users/TRASH/.yarn/lib/cli.js:92:30)
      at /Users/TRASH/.yarn/lib/cli.js:103:13
      at <anonymous>
